  audio_engine.cpp
C:\Users\theol\Documents\Game Dev\StarMaps\audio_engine.cpp(1,10): fatal  error C1083: Cannot open include file: 'audio_engine.h': No such file or directory
  imgui.cpp
  imgui_demo.cpp
  imgui_draw.cpp
  imgui_impl_glfw.cpp
C:\Users\theol\Documents\Game Dev\StarMaps\External Libraries\imgui\imgui_impl_glfw.cpp(89,10): fatal  error C1083: Cannot open include file: 'GLFW/glfw3.h': No such file or directory
  imgui_impl_opengl3.cpp
  imgui_tables.cpp
  imgui_widgets.cpp
  game_logic.cpp
C:\Users\theol\Documents\Game Dev\StarMaps\game_logic.cpp(1,10): fatal  error C1083: Cannot open include file: 'game_logic.h': No such file or directory
  generate_map.cpp
C:\Users\theol\Documents\Game Dev\StarMaps\generate_map.cpp(1,10): fatal  error C1083: Cannot open include file: 'generate_map.h': No such file or directory
  hud_control.cpp
C:\Users\theol\Documents\Game Dev\StarMaps\hud_control.cpp(1,10): fatal  error C1083: Cannot open include file: 'hud_control.h': No such file or directory
  main.cpp
C:\Users\theol\Documents\Game Dev\StarMaps\main.cpp(5,10): fatal  error C1083: Cannot open include file: 'GLFW/glfw3.h': No such file or directory
  player.cpp
C:\Users\theol\Documents\Game Dev\StarMaps\player.cpp(1,10): fatal  error C1083: Cannot open include file: 'player.h': No such file or directory
  objects.cpp
C:\Users\theol\Documents\Game Dev\StarMaps\objects.cpp(1,10): fatal  error C1083: Cannot open include file: 'objects.h': No such file or directory
